Arguments: 
  /Users/leonard_5/.nodebrew/node/v10.15.1/bin/node /Users/leonard_5/.nodebrew/current/bin/yarn add @jsprimer/hello-world

PATH: 
  /Users/leonard_5/.yarn/bin:/Users/leonard_5/.rbenv/shims:/Users/leonard_5/.nodebrew/current/bin:/usr/local/bin:/usr/bin:/bin:/usr/sbin:/sbin:/opt/ImageMagick/bin:/Users/leonard_5/.yarn/bin:/Users/leonard_5/.rbenv/shims:/Users/leonard_5/.nodebrew/current/bin

Yarn version: 
  1.15.2

Node version: 
  10.15.1

Platform: 
  darwin x64

Trace: 
  Error: https://registry.yarnpkg.com/@jsprimer%2fhello-world: Not found
      at Request.params.callback [as _callback] (/Users/leonard_5/.nodebrew/node/v10.15.1/lib/node_modules/yarn/lib/cli.js:66058:18)
      at Request.self.callback (/Users/leonard_5/.nodebrew/node/v10.15.1/lib/node_modules/yarn/lib/cli.js:129541:22)
      at Request.emit (events.js:189:13)
      at Request.<anonymous> (/Users/leonard_5/.nodebrew/node/v10.15.1/lib/node_modules/yarn/lib/cli.js:130513:10)
      at Request.emit (events.js:189:13)
      at IncomingMessage.<anonymous> (/Users/leonard_5/.nodebrew/node/v10.15.1/lib/node_modules/yarn/lib/cli.js:130435:12)
      at Object.onceWrapper (events.js:277:13)
      at IncomingMessage.emit (events.js:194:15)
      at endReadableNT (_stream_readable.js:1103:12)
      at process._tickCallback (internal/process/next_tick.js:63:19)

npm manifest: 
  No manifest

yarn manifest: 
  No manifest

Lockfile: 
  # THIS IS AN AUTOGENERATED FILE. DO NOT EDIT THIS FILE DIRECTLY.
  # yarn lockfile v1
